Errors:

Total error messages: 0

Information:

Component GND copied from library E:\ELECTRONICS\FROMWORK\P-CAD\LIB1\RAZNOE.LIB 
to library E:\Electronics\MyProjects\Projects\Isolated DC-DC\IsolatedDcDc.lib.

Component TL431 copied from library E:\ELECTRONICS\FROMWORK\P-CAD\LIB1\MICRO.LIB
 to library E:\Electronics\MyProjects\Projects\Isolated DC-DC\IsolatedDcDc.lib.

Component WF-2 copied from library E:\ELECTRONICS\FROMWORK\P-CAD\LIB1\CONNECTOR.
LIB to library E:\Electronics\MyProjects\Projects\Isolated DC-DC\IsolatedDcDc.li
b.

Component CPOL(CTCHIP) copied from library E:\ELECTRONICS\FROMWORK\P-CAD\LIB1\CA
PACITOR.LIB to library E:\Electronics\MyProjects\Projects\Isolated DC-DC\Isolate
dDcDc.lib.

Component RXE025 copied from library E:\ELECTRONICS\FROMWORK\P-CAD\LIB1\RAZNOE.L
IB to library E:\Electronics\MyProjects\Projects\Isolated DC-DC\IsolatedDcDc.lib
.

Component PLT09HN2003R0P1 copied from library E:\ELECTRONICS\FROMWORK\P-CAD\LIB1
\RAZNOE.LIB to library E:\Electronics\MyProjects\Projects\Isolated DC-DC\Isolate
dDcDc.lib.

Component PC817B copied from library E:\ELECTRONICS\FROMWORK\P-CAD\LIB1\SEMICOND
UCTOR.LIB to library E:\Electronics\MyProjects\Projects\Isolated DC-DC\IsolatedD
cDc.lib.

Component CSMT0805 copied from library E:\ELECTRONICS\FROMWORK\P-CAD\LIB1\CAPACI
TOR.LIB to library E:\Electronics\MyProjects\Projects\Isolated DC-DC\IsolatedDcD
c.lib.

Component 1N4001 copied from library E:\ELECTRONICS\FROMWORK\P-CAD\LIB1\SEMICOND
UCTOR.LIB to library E:\Electronics\MyProjects\Projects\Isolated DC-DC\IsolatedD
cDc.lib.

Component SB360 copied from library E:\ELECTRONICS\FROMWORK\P-CAD\LIB1\SEMICONDU
CTOR.LIB to library E:\Electronics\MyProjects\Projects\Isolated DC-DC\IsolatedDc
Dc.lib.

Component RSMT0805 copied from library E:\ELECTRONICS\FROMWORK\P-CAD\LIB1\REZIST
OR.LIB to library E:\Electronics\MyProjects\Projects\Isolated DC-DC\IsolatedDcDc
.lib.

Component C(5/4/5) copied from library E:\ELECTRONICS\FROMWORK\P-CAD\LIB1\CAPACI
TOR.LIB to library E:\Electronics\MyProjects\Projects\Isolated DC-DC\IsolatedDcD
c.lib.

Component UC3843 copied from library E:\ELECTRONICS\FROMWORK\P-CAD\LIB1\MICRO.LI
B to library E:\Electronics\MyProjects\Projects\Isolated DC-DC\IsolatedDcDc.lib.


Component DROS copied from library E:\ELECTRONICS\FROMWORK\P-CAD\LIB1\RAZNOE.LIB
 to library E:\Electronics\MyProjects\Projects\Isolated DC-DC\IsolatedDcDc.lib.

Component R-1 copied from library E:\ELECTRONICS\FROMWORK\P-CAD\LIB1\REZISTOR.LI
B to library E:\Electronics\MyProjects\Projects\Isolated DC-DC\IsolatedDcDc.lib.


Component C(2.5/2/2.5) copied from library E:\ELECTRONICS\FROMWORK\P-CAD\LIB1\CA
PACITOR.LIB to library E:\Electronics\MyProjects\Projects\Isolated DC-DC\Isolate
dDcDc.lib.

Component CP(6/2.5) copied from library E:\ELECTRONICS\FROMWORK\P-CAD\LIB1\CAPAC
ITOR.LIB to library E:\Electronics\MyProjects\Projects\Isolated DC-DC\IsolatedDc
Dc.lib.

Component R-0.25 copied from library E:\ELECTRONICS\FROMWORK\P-CAD\LIB1\REZISTOR
.LIB to library E:\Electronics\MyProjects\Projects\Isolated DC-DC\IsolatedDcDc.l
ib.

Component R-0.125 copied from library E:\ELECTRONICS\FROMWORK\P-CAD\LIB1\REZISTO
R.LIB to library E:\Electronics\MyProjects\Projects\Isolated DC-DC\IsolatedDcDc.
lib.

Component CP(10/5) copied from library E:\ELECTRONICS\FROMWORK\P-CAD\LIB1\CAPACI
TOR.LIB to library E:\Electronics\MyProjects\Projects\Isolated DC-DC\IsolatedDcD
c.lib.

Component IRFR320 copied from library E:\ELECTRONICS\FROMWORK\P-CAD\LIB1\SEMICON
DUCTOR.LIB to library E:\Electronics\MyProjects\Projects\Isolated DC-DC\Isolated
DcDc.lib.

Total informational messages: 21
